<?xml version="1.0" encoding="UTF-8"?>
<testsuite name="advancedTests.TestStart" tests="1" skipped="0" failures="0" errors="0" timestamp="2021-09-02T16:29:24" hostname="LAPTOP-A9FORBB3" time="3.471">
  <properties/>
  <testcase name="dragDown" classname="advancedTests.TestStart" time="3.471"/>
  <system-out><![CDATA[19:29:24 INFO  - Start find --> By.chained({By.xpath: //*[@resource-id = 'com.h6ah4i.android.example.advrecyclerview:id/button'][2]})
19:29:24 INFO  - By.chained({By.xpath: //*[@resource-id = 'com.h6ah4i.android.example.advrecyclerview:id/button'][2]}) --> Found
19:29:24 INFO  - Start find --> By.xpath: //*[@resource-id = 'com.h6ah4i.android.example.advrecyclerview:id/drag_handle']
19:29:25 INFO  - By.xpath: //*[@resource-id = 'com.h6ah4i.android.example.advrecyclerview:id/drag_handle'] --> Found
19:29:27 INFO  - DragDown Test
]]></system-out>
  <system-err><![CDATA[]]></system-err>
</testsuite>
