<?xml version="1.0" encoding="UTF-8"?>
<testsuite name="testsScheduler.EventCreateTest" tests="1" skipped="0" failures="0" errors="0" timestamp="2021-08-26T17:48:51" hostname="LAPTOP-A9FORBB3" time="39.616">
  <properties/>
  <testcase name="eventCreationTest" classname="testsScheduler.EventCreateTest" time="39.616"/>
  <system-out><![CDATA[]]></system-out>
  <system-err><![CDATA[]]></system-err>
</testsuite>
